# Nhật ký truy cập hệ thống khoá cửa
2025-03-22 21:52:48 | Hệ thống khởi động | Khởi tạo giao diện Pygame
2025-03-22 21:53:30 | Mở khoá | Mở khoá từ giao diện GUI
2025-03-22 21:54:30 | Mở khoá cửa | Mở khoá từ Web App
2025-03-22 21:54:58 | Mở khoá | Mở khoá từ giao diện GUI
2025-03-22 21:56:03 | Khoá cửa | Khoá cửa từ giao diện GUI
2025-03-22 21:56:09 | Mở khoá | Mở khoá từ giao diện GUI
2025-03-22 21:56:16 | Mở khoá | Mở khoá từ giao diện GUI
2025-03-22 21:56:21 | Mở khoá | Mở khoá từ giao diện GUI
2025-03-22 22:31:58 | Hệ thống khởi động | Khởi tạo giao diện Pygame
2025-03-22 22:33:48 | Hệ thống khởi động | Khởi tạo giao diện Pygame
2025-03-22 23:03:20 | Hệ thống khởi động | Khởi tạo giao diện Pygame
2025-03-22 23:06:59 | Hệ thống khởi động | Khởi tạo giao diện Pygame
2025-03-22 23:11:52 | Hệ thống khởi động | Khởi tạo giao diện Pygame
2025-03-22 23:12:09 | Mở khoá | Mở khoá từ giao diện GUI
2025-03-22 23:13:43 | Mở khoá cửa | Mở khoá từ Web App
2025-03-22 23:14:19 | Mở khoá cửa | Mở khoá từ Web App
2025-03-22 23:14:52 | Mở khoá | Mở khoá từ giao diện GUI
2025-03-22 23:15:32 | Mở khoá | Mở khoá từ giao diện GUI
2025-03-22 23:17:01 | Mở khoá | Mở khoá từ giao diện GUI
2025-03-22 23:19:02 | Khoá cửa | Khoá cửa từ giao diện GUI
2025-03-22 23:19:04 | Khoá cửa | Khoá cửa từ giao diện GUI
2025-03-22 23:19:05 | Mở khoá | Mở khoá từ giao diện GUI
2025-03-22 23:19:06 | Mở khoá | Mở khoá từ giao diện GUI
2025-03-22 23:19:22 | Khoá cửa | Khoá cửa từ giao diện GUI
2025-03-22 23:19:24 | Mở khoá | Mở khoá từ giao diện GUI
2025-03-22 23:19:27 | Khoá cửa | Khoá cửa từ giao diện GUI
2025-03-22 23:19:29 | Mở khoá | Mở khoá từ giao diện GUI
2025-03-22 23:19:29 | Khoá cửa | Khoá cửa từ giao diện GUI
2025-03-22 23:19:30 | Mở khoá | Mở khoá từ giao diện GUI
2025-03-22 23:19:30 | Khoá cửa | Khoá cửa từ giao diện GUI
2025-03-22 23:19:31 | Mở khoá | Mở khoá từ giao diện GUI
2025-03-22 23:19:31 | Khoá cửa | Khoá cửa từ giao diện GUI
2025-03-22 23:19:32 | Mở khoá | Mở khoá từ giao diện GUI
2025-03-22 23:19:32 | Khoá cửa | Khoá cửa từ giao diện GUI
2025-03-22 23:19:33 | Mở khoá | Mở khoá từ giao diện GUI
2025-03-22 23:19:33 | Khoá cửa | Khoá cửa từ giao diện GUI
2025-03-22 23:19:34 | Mở khoá | Mở khoá từ giao diện GUI
2025-03-22 23:19:34 | Khoá cửa | Khoá cửa từ giao diện GUI
2025-03-22 23:19:34 | Mở khoá | Mở khoá từ giao diện GUI
2025-03-22 23:19:37 | Mở khoá | Mở khoá từ giao diện GUI
2025-03-22 23:19:37 | Mở khoá | Mở khoá từ giao diện GUI
2025-03-22 23:19:38 | Mở khoá | Mở khoá từ giao diện GUI
2025-03-22 23:19:38 | Khoá cửa | Khoá cửa từ giao diện GUI
2025-03-22 23:19:39 | Mở khoá | Mở khoá từ giao diện GUI
2025-03-22 23:19:39 | Mở khoá | Mở khoá từ giao diện GUI
2025-03-22 23:19:40 | Mở khoá | Mở khoá từ giao diện GUI
2025-03-22 23:19:40 | Mở khoá | Mở khoá từ giao diện GUI
2025-03-22 23:19:42 | Mở khoá | Mở khoá từ giao diện GUI
2025-03-22 23:19:48 | Mở khoá | Mở khoá từ giao diện GUI
2025-03-22 23:19:48 | Mở khoá | Mở khoá từ giao diện GUI
2025-03-22 23:19:49 | Mở khoá | Mở khoá từ giao diện GUI
2025-03-22 23:19:49 | Mở khoá | Mở khoá từ giao diện GUI
2025-03-22 23:19:49 | Khoá cửa | Khoá cửa từ giao diện GUI
2025-03-22 23:19:50 | Khoá cửa | Khoá cửa từ giao diện GUI
2025-03-22 23:19:50 | Khoá cửa | Khoá cửa từ giao diện GUI
2025-03-22 23:24:25 | Mở khoá | Mở khoá từ giao diện GUI
2025-03-22 23:24:48 | Mở khoá | Mở khoá từ giao diện GUI
2025-03-22 23:24:50 | Mở khoá | Mở khoá từ giao diện GUI
2025-03-22 23:24:52 | Khoá cửa | Khoá cửa từ giao diện GUI
2025-03-22 23:24:53 | Khoá cửa | Khoá cửa từ giao diện GUI
2025-03-22 23:26:46 | Khoá cửa | Khoá cửa từ giao diện GUI
2025-03-22 23:26:47 | Khoá cửa | Khoá cửa từ giao diện GUI
2025-03-22 23:26:48 | Khoá cửa | Khoá cửa từ giao diện GUI
2025-03-22 23:26:48 | Khoá cửa | Khoá cửa từ giao diện GUI
2025-03-22 23:26:48 | Khoá cửa | Khoá cửa từ giao diện GUI
2025-03-22 23:26:48 | Khoá cửa | Khoá cửa từ giao diện GUI
2025-03-22 23:26:49 | Mở khoá | Mở khoá từ giao diện GUI
2025-03-22 23:26:52 | Khoá cửa | Khoá cửa từ giao diện GUI
2025-03-22 23:26:53 | Mở khoá | Mở khoá từ giao diện GUI
2025-03-22 23:26:54 | Khoá cửa | Khoá cửa từ giao diện GUI
2025-03-22 23:26:57 | Khoá cửa | Khoá cửa từ giao diện GUI
2025-03-22 23:26:58 | Mở khoá | Mở khoá từ giao diện GUI
2025-03-22 23:26:59 | Khoá cửa | Khoá cửa từ giao diện GUI
2025-03-22 23:27:02 | Mở khoá | Mở khoá từ giao diện GUI
2025-03-22 23:27:03 | Khoá cửa | Khoá cửa từ giao diện GUI
2025-03-22 23:27:19 | Khoá cửa | Khoá cửa từ giao diện GUI
2025-03-22 23:31:40 | Hệ thống khởi động | Khởi tạo giao diện Pygame
2025-03-22 23:32:38 | Hệ thống khởi động | Khởi tạo giao diện Pygame
2025-03-22 23:36:41 | Hệ thống khởi động | Khởi tạo giao diện Pygame
2025-03-22 23:36:55 | Nhập mã sai | Còn lại 2 lần thử
2025-03-22 23:37:04 | Nhập mã đúng | Đã mở khoá cửa
2025-03-22 23:37:09 | Khoá cửa | Khoá cửa từ giao diện GUI
2025-03-22 23:37:19 | Nhập mã sai | Còn lại 2 lần thử
2025-03-22 23:37:32 | Hệ thống khởi động | Khởi tạo giao diện Pygame
2025-03-22 23:38:00 | Nhập mã sai | Còn lại 2 lần thử
2025-03-22 23:49:43 | Nhập mã sai | Còn lại 2 lần thử
2025-03-22 23:49:50 | Nhập mã sai | Còn lại 1 lần thử
2025-03-22 23:49:55 | Nhập mã sai | Còn lại 0 lần thử
2025-03-22 23:50:05 | Nhập mã sai | Còn lại 0 lần thử
2025-03-22 23:50:12 | Nhập mã sai | Còn lại 0 lần thử
2025-03-22 23:50:23 | Nhập mã sai | Còn lại 0 lần thử
2025-03-22 23:50:27 | Nhập mã đúng | Đã mở khoá cửa
2025-03-22 23:50:38 | Khoá cửa | Khoá cửa từ giao diện GUI
2025-03-22 23:50:46 | Nhập mã đúng | Đã mở khoá cửa
2025-03-23 09:55:36 | Hệ thống khởi động | Khởi tạo giao diện Pygame
2025-03-23 09:56:38 | Khoá cửa | Khoá cửa từ giao diện GUI
2025-03-23 09:59:21 | Khoá cửa | Khoá cửa từ giao diện GUI
2025-03-23 09:59:23 | Khoá cửa | Khoá cửa từ giao diện GUI
2025-03-23 09:59:34 | Nhập mã đúng | Đã mở khoá cửa
2025-03-23 10:00:02 | Nhập mã sai | Còn lại 2 lần thử
2025-03-23 10:00:04 | Nhập mã sai | Còn lại 1 lần thử
2025-03-23 10:00:07 | Nhập mã sai | Còn lại 0 lần thử
2025-03-23 10:00:10 | Nhập mã sai | Còn lại 0 lần thử
2025-03-23 10:00:28 | Khoá cửa | Khoá cửa từ giao diện GUI
2025-03-23 10:00:29 | Khoá cửa | Khoá cửa từ giao diện GUI
2025-03-23 10:00:29 | Khoá cửa | Khoá cửa từ giao diện GUI
2025-03-23 10:00:30 | Khoá cửa | Khoá cửa từ giao diện GUI
2025-03-23 10:00:30 | Khoá cửa | Khoá cửa từ giao diện GUI
2025-03-23 10:00:30 | Khoá cửa | Khoá cửa từ giao diện GUI
2025-03-23 10:00:30 | Khoá cửa | Khoá cửa từ giao diện GUI
2025-03-23 10:04:37 | Hệ thống khởi động | Khởi tạo giao diện Pygame
2025-03-23 10:05:07 | Hệ thống khởi động | Khởi tạo giao diện Pygame
2025-03-23 10:05:22 | Khoá cửa | Khoá cửa từ giao diện GUI
2025-03-23 10:05:41 | Nhập mã sai | Còn lại 2 lần thử
2025-03-23 10:05:44 | Nhập mã sai | Còn lại 1 lần thử
2025-03-23 10:05:46 | Nhập mã sai | Còn lại 0 lần thử
2025-03-23 10:06:05 | Nhập mã sai | Còn lại 0 lần thử
2025-03-23 10:48:20 | Khoá cửa | Khoá cửa từ giao diện GUI
2025-03-23 10:48:20 | Khoá cửa | Khoá cửa từ giao diện GUI
2025-03-23 10:48:20 | Khoá cửa | Khoá cửa từ giao diện GUI
2025-03-23 10:48:21 | Khoá cửa | Khoá cửa từ giao diện GUI
2025-03-23 10:48:21 | Khoá cửa | Khoá cửa từ giao diện GUI
2025-03-23 10:48:21 | Khoá cửa | Khoá cửa từ giao diện GUI
2025-03-23 10:48:21 | Khoá cửa | Khoá cửa từ giao diện GUI
2025-03-23 10:48:21 | Khoá cửa | Khoá cửa từ giao diện GUI
2025-03-23 10:48:22 | Khoá cửa | Khoá cửa từ giao diện GUI
2025-03-23 10:48:22 | Khoá cửa | Khoá cửa từ giao diện GUI
2025-03-23 10:48:22 | Khoá cửa | Khoá cửa từ giao diện GUI
2025-03-23 10:48:22 | Khoá cửa | Khoá cửa từ giao diện GUI
2025-03-23 10:48:22 | Khoá cửa | Khoá cửa từ giao diện GUI
2025-03-23 10:48:22 | Khoá cửa | Khoá cửa từ giao diện GUI
2025-03-23 10:48:23 | Khoá cửa | Khoá cửa từ giao diện GUI
2025-03-23 10:49:39 | Hệ thống khởi động | Khởi tạo giao diện Pygame
2025-03-23 10:49:53 | Nhập mã sai | Còn lại 2 lần thử
2025-03-23 11:12:13 | Khoá cửa | Khoá cửa từ giao diện GUI
2025-03-23 11:12:14 | Khoá cửa | Khoá cửa từ giao diện GUI
2025-03-23 11:12:14 | Khoá cửa | Khoá cửa từ giao diện GUI
2025-03-23 11:12:14 | Khoá cửa | Khoá cửa từ giao diện GUI
2025-03-23 11:12:14 | Khoá cửa | Khoá cửa từ giao diện GUI
2025-03-23 11:12:15 | Khoá cửa | Khoá cửa từ giao diện GUI
2025-03-23 11:12:15 | Khoá cửa | Khoá cửa từ giao diện GUI
2025-03-23 11:16:15 | Hệ thống khởi động | Khởi tạo giao diện Pygame
2025-03-23 11:16:26 | Nhập mã sai | Còn lại 2 lần thử
2025-03-23 11:18:34 | Hệ thống khởi động | Khởi tạo giao diện Pygame
2025-03-23 11:18:40 | Nhập mã sai | Còn lại 2 lần thử
2025-03-23 11:20:04 | Hệ thống khởi động | Khởi tạo giao diện Pygame
2025-03-23 11:20:11 | Nhập mã sai | Còn lại 2 lần thử
2025-03-23 13:58:50 | Hệ thống khởi động | Khởi tạo giao diện Pygame
2025-03-23 13:58:59 | Nhập mã sai | Còn lại 2 lần thử
2025-03-23 14:10:57 | Hệ thống khởi động | Khởi tạo giao diện Pygame
2025-03-23 14:11:06 | Nhập mã sai | Còn lại 2 lần thử
2025-03-23 14:11:16 | Nhập mã đúng | Đã mở khoá cửa
2025-03-23 14:11:45 | Khoá cửa | Khoá cửa từ giao diện GUI
2025-03-23 14:11:48 | Khoá cửa | Khoá cửa từ giao diện GUI
2025-03-23 14:11:49 | Khoá cửa | Khoá cửa từ giao diện GUI
2025-03-23 14:11:58 | Khoá cửa | Khoá cửa từ giao diện GUI
2025-03-23 14:11:58 | Khoá cửa | Khoá cửa từ giao diện GUI
2025-03-23 14:11:58 | Khoá cửa | Khoá cửa từ giao diện GUI
2025-03-23 14:11:59 | Khoá cửa | Khoá cửa từ giao diện GUI
2025-03-23 14:11:59 | Khoá cửa | Khoá cửa từ giao diện GUI
2025-03-23 14:11:59 | Khoá cửa | Khoá cửa từ giao diện GUI
2025-03-23 14:11:59 | Khoá cửa | Khoá cửa từ giao diện GUI
2025-03-23 14:11:59 | Khoá cửa | Khoá cửa từ giao diện GUI
2025-03-23 14:12:00 | Khoá cửa | Khoá cửa từ giao diện GUI
2025-03-23 14:19:53 | Hệ thống khởi động | Khởi tạo giao diện Pygame
2025-03-23 14:19:57 | Mở cánh cửa | Thay đổi từ giao diện
2025-03-23 14:20:00 | Đóng cánh cửa | Thay đổi từ giao diện
2025-03-23 14:20:01 | Mở cánh cửa | Thay đổi từ giao diện
2025-03-23 14:20:02 | Đóng cánh cửa | Thay đổi từ giao diện
2025-03-23 14:20:03 | Mở cánh cửa | Thay đổi từ giao diện
2025-03-23 14:20:03 | Đóng cánh cửa | Thay đổi từ giao diện
2025-03-23 14:20:04 | Mở cánh cửa | Thay đổi từ giao diện
2025-03-23 14:20:04 | Đóng cánh cửa | Thay đổi từ giao diện
2025-03-23 14:20:13 | Mở cánh cửa | Thay đổi từ giao diện
2025-03-23 14:20:13 | Đóng cánh cửa | Thay đổi từ giao diện
2025-03-23 14:20:14 | Mở cánh cửa | Thay đổi từ giao diện
2025-03-23 14:20:15 | Đóng cánh cửa | Thay đổi từ giao diện
2025-03-23 14:20:20 | Nhập mã đúng | Đã mở khoá cửa
2025-03-23 14:20:25 | Đóng cánh cửa | Thay đổi từ giao diện
2025-03-23 14:20:29 | Khóa cửa | Khóa cửa từ giao diện GUI
2025-03-23 14:20:36 | Nhập mã sai | Còn lại 2 lần thử
2025-03-23 14:20:41 | Nhập mã sai | Còn lại 1 lần thử
2025-03-23 14:20:45 | Nhập mã sai | Còn lại 0 lần thử
2025-03-23 14:20:50 | Nhập mã sai | Còn lại 0 lần thử
2025-03-23 14:20:54 | Nhập mã sai | Còn lại 0 lần thử
2025-03-23 14:21:01 | Nhập mã sai | Còn lại 0 lần thử
2025-03-23 14:21:06 | Mở cánh cửa | Thay đổi từ giao diện
2025-03-23 14:21:07 | Đóng cánh cửa | Thay đổi từ giao diện
2025-03-23 14:21:08 | Mở cánh cửa | Thay đổi từ giao diện
2025-03-23 14:21:09 | Đóng cánh cửa | Thay đổi từ giao diện
2025-03-23 14:21:09 | Mở cánh cửa | Thay đổi từ giao diện
2025-03-23 14:21:10 | Đóng cánh cửa | Thay đổi từ giao diện
2025-03-23 14:21:11 | Khóa cửa | Khóa cửa từ giao diện GUI
2025-03-23 15:04:41 | Mở cánh cửa | Thay đổi từ giao diện
2025-03-23 15:04:42 | Đóng cánh cửa | Thay đổi từ giao diện
2025-03-23 15:25:06 | Mở cánh cửa | Thay đổi từ giao diện
2025-03-23 15:25:08 | Đóng cánh cửa | Thay đổi từ giao diện
2025-03-23 16:10:15 | Mở cánh cửa | Thay đổi từ giao diện
2025-03-23 16:10:15 | Đóng cánh cửa | Thay đổi từ giao diện
2025-03-23 16:10:16 | Mở cánh cửa | Thay đổi từ giao diện
2025-03-23 16:10:17 | Đóng cánh cửa | Thay đổi từ giao diện
2025-03-23 16:10:19 | Mở cánh cửa | Thay đổi từ giao diện
2025-03-23 16:10:20 | Đóng cánh cửa | Thay đổi từ giao diện
2025-03-23 21:17:29 | Hệ thống khởi động | Khởi tạo giao diện Pygame
2025-03-23 21:17:33 | Mở cánh cửa | Thay đổi từ giao diện
2025-03-23 21:17:34 | Đóng cánh cửa | Thay đổi từ giao diện
2025-03-23 21:17:35 | Mở cánh cửa | Thay đổi từ giao diện
2025-03-23 21:17:35 | Đóng cánh cửa | Thay đổi từ giao diện
2025-03-23 21:17:35 | Mở cánh cửa | Thay đổi từ giao diện
2025-03-23 21:17:35 | Đóng cánh cửa | Thay đổi từ giao diện
2025-03-23 21:17:35 | Mở cánh cửa | Thay đổi từ giao diện
2025-03-23 21:17:35 | Đóng cánh cửa | Thay đổi từ giao diện
2025-03-23 21:17:36 | Mở cánh cửa | Thay đổi từ giao diện
2025-03-23 21:17:36 | Đóng cánh cửa | Thay đổi từ giao diện
2025-03-23 21:18:56 | Mở cánh cửa | Thay đổi từ giao diện
2025-03-23 21:18:59 | Đóng cánh cửa | Thay đổi từ giao diện
2025-03-23 21:18:59 | Mở cánh cửa | Thay đổi từ giao diện
2025-03-23 21:19:00 | Đóng cánh cửa | Thay đổi từ giao diện
2025-03-23 21:19:00 | Mở cánh cửa | Thay đổi từ giao diện
2025-03-23 21:19:00 | Đóng cánh cửa | Thay đổi từ giao diện
2025-03-23 21:19:00 | Mở cánh cửa | Thay đổi từ giao diện
2025-03-23 21:19:01 | Đóng cánh cửa | Thay đổi từ giao diện
2025-03-23 21:19:01 | Mở cánh cửa | Thay đổi từ giao diện
2025-03-23 21:19:01 | Đóng cánh cửa | Thay đổi từ giao diện
2025-03-23 21:19:01 | Mở cánh cửa | Thay đổi từ giao diện
2025-03-23 21:19:02 | Đóng cánh cửa | Thay đổi từ giao diện
2025-03-23 21:19:02 | Mở cánh cửa | Thay đổi từ giao diện
2025-03-23 21:19:02 | Đóng cánh cửa | Thay đổi từ giao diện
2025-03-23 21:19:41 | Mở cánh cửa | Thay đổi từ giao diện
2025-03-23 21:19:41 | Đóng cánh cửa | Thay đổi từ giao diện
2025-03-23 21:19:42 | Mở cánh cửa | Thay đổi từ giao diện
2025-03-23 21:19:42 | Đóng cánh cửa | Thay đổi từ giao diện
2025-03-23 21:19:42 | Mở cánh cửa | Thay đổi từ giao diện
2025-03-23 21:19:42 | Đóng cánh cửa | Thay đổi từ giao diện
2025-03-23 21:19:42 | Mở cánh cửa | Thay đổi từ giao diện
2025-03-23 21:19:43 | Đóng cánh cửa | Thay đổi từ giao diện
2025-03-23 21:19:43 | Mở cánh cửa | Thay đổi từ giao diện
2025-03-23 21:19:43 | Đóng cánh cửa | Thay đổi từ giao diện
2025-03-23 21:19:43 | Mở cánh cửa | Thay đổi từ giao diện
2025-03-23 21:19:43 | Đóng cánh cửa | Thay đổi từ giao diện
2025-03-23 21:19:44 | Mở cánh cửa | Thay đổi từ giao diện
2025-03-23 21:19:44 | Đóng cánh cửa | Thay đổi từ giao diện
2025-03-23 21:19:44 | Mở cánh cửa | Thay đổi từ giao diện
2025-03-23 21:19:44 | Đóng cánh cửa | Thay đổi từ giao diện
2025-03-23 21:19:44 | Mở cánh cửa | Thay đổi từ giao diện
2025-03-23 21:19:45 | Đóng cánh cửa | Thay đổi từ giao diện
2025-03-23 21:19:45 | Mở cánh cửa | Thay đổi từ giao diện
2025-03-23 21:19:45 | Đóng cánh cửa | Thay đổi từ giao diện
2025-03-23 21:19:45 | Mở cánh cửa | Thay đổi từ giao diện
2025-03-23 21:19:45 | Đóng cánh cửa | Thay đổi từ giao diện
2025-03-23 21:19:46 | Mở cánh cửa | Thay đổi từ giao diện
2025-03-23 21:19:46 | Đóng cánh cửa | Thay đổi từ giao diện
2025-03-23 21:19:46 | Mở cánh cửa | Thay đổi từ giao diện
2025-03-23 21:19:47 | Đóng cánh cửa | Thay đổi từ giao diện
2025-03-23 21:19:48 | Mở cánh cửa | Thay đổi từ giao diện
2025-03-23 21:19:48 | Đóng cánh cửa | Thay đổi từ giao diện
2025-03-23 21:19:53 | Nhập mã đúng | Đã mở khoá cửa
2025-03-23 21:20:25 | Mở cánh cửa | Thay đổi từ giao diện
2025-03-23 21:20:26 | Không thể khóa | Cửa vẫn đang mở
2025-03-23 21:20:26 | Không thể khóa | Cửa vẫn đang mở
2025-03-23 21:20:26 | Không thể khóa | Cửa vẫn đang mở
2025-03-23 21:20:27 | Không thể khóa | Cửa vẫn đang mở
2025-03-23 21:20:27 | Không thể khóa | Cửa vẫn đang mở
2025-03-23 21:20:27 | Không thể khóa | Cửa vẫn đang mở
2025-03-23 21:20:28 | Không thể khóa | Cửa vẫn đang mở
2025-03-23 21:20:28 | Không thể khóa | Cửa vẫn đang mở
2025-03-23 21:20:29 | Không thể khóa | Cửa vẫn đang mở
2025-03-23 21:20:30 | Đóng cánh cửa | Thay đổi từ giao diện
2025-03-23 21:20:31 | Khóa cửa | Khóa cửa từ giao diện GUI
2025-03-23 21:20:47 | Nhập mã đúng | Đã mở khoá cửa
2025-03-23 21:21:51 | Mở cánh cửa | Thay đổi từ giao diện
2025-03-23 21:21:53 | Đóng cánh cửa | Thay đổi từ giao diện
2025-03-23 21:22:00 | Mở cánh cửa | Thay đổi từ giao diện
2025-03-23 21:22:01 | Đóng cánh cửa | Thay đổi từ giao diện
2025-03-23 21:24:26 | Mở cánh cửa | Thay đổi từ giao diện
2025-03-23 21:24:26 | Đóng cánh cửa | Thay đổi từ giao diện
2025-03-23 21:26:56 | Hệ thống khởi động | Khởi tạo giao diện Pygame
2025-03-23 21:28:11 | Hệ thống khởi động | Khởi tạo giao diện Pygame
2025-03-23 21:32:49 | Hệ thống khởi động | Khởi tạo giao diện Pygame
2025-03-23 21:32:56 | Nhập mã sai | Còn lại 2 lần thử
2025-03-23 21:32:58 | Nhập mã sai | Còn lại 1 lần thử
2025-03-23 21:33:01 | Nhập mã sai | Còn lại 0 lần thử
2025-03-23 21:33:04 | Nhập mã sai | Còn lại 0 lần thử
2025-03-23 21:40:31 | Hệ thống khởi động | Khởi tạo giao diện Pygame
2025-03-23 21:40:35 | Nhập mã sai | Còn lại 2 lần thử
2025-03-23 21:40:39 | Nhập mã sai | Còn lại 1 lần thử
2025-03-23 21:40:42 | Nhập mã sai | Còn lại 0 lần thử
2025-03-23 21:40:46 | Nhập mã sai | Còn lại 0 lần thử
2025-03-23 21:40:54 | Nhập mã sai | Còn lại 0 lần thử
2025-03-23 21:41:02 | Nhập mã sai | Còn lại 0 lần thử
2025-03-23 21:41:09 | Nhập mã sai | Còn lại 0 lần thử
2025-03-23 21:41:11 | Mở cánh cửa | Thay đổi từ giao diện
2025-03-23 21:41:13 | Đóng cánh cửa | Thay đổi từ giao diện
2025-03-23 21:41:14 | Mở cánh cửa | Thay đổi từ giao diện
2025-03-23 21:41:14 | Đóng cánh cửa | Thay đổi từ giao diện
2025-03-23 21:41:15 | Mở cánh cửa | Thay đổi từ giao diện
2025-03-23 21:41:15 | Đóng cánh cửa | Thay đổi từ giao diện
2025-03-23 21:41:19 | Nhập mã đúng | Đã mở khoá cửa
2025-03-23 21:42:06 | Hệ thống khởi động | Khởi tạo giao diện Pygame
2025-03-23 21:42:11 | Nhập mã sai | Còn lại 2 lần thử
2025-03-23 21:42:13 | Nhập mã sai | Còn lại 1 lần thử
2025-03-23 21:42:15 | Nhập mã sai | Còn lại 0 lần thử
2025-03-23 21:59:22 | Hệ thống khởi động | Khởi tạo giao diện Pygame
2025-03-23 21:59:50 | Mở cánh cửa | Thay đổi từ giao diện
2025-03-23 21:59:51 | Đóng cánh cửa | Thay đổi từ giao diện
2025-03-23 21:59:51 | Mở cánh cửa | Thay đổi từ giao diện
2025-03-23 21:59:52 | Đóng cánh cửa | Thay đổi từ giao diện
2025-03-23 21:59:52 | Mở cánh cửa | Thay đổi từ giao diện
2025-03-23 21:59:52 | Đóng cánh cửa | Thay đổi từ giao diện
2025-03-23 21:59:52 | Mở cánh cửa | Thay đổi từ giao diện
2025-03-23 21:59:53 | Đóng cánh cửa | Thay đổi từ giao diện
2025-03-23 21:59:53 | Mở cánh cửa | Thay đổi từ giao diện
2025-03-23 21:59:53 | Đóng cánh cửa | Thay đổi từ giao diện
2025-03-23 21:59:53 | Mở cánh cửa | Thay đổi từ giao diện
2025-03-23 21:59:53 | Đóng cánh cửa | Thay đổi từ giao diện
2025-03-23 21:59:54 | Mở cánh cửa | Thay đổi từ giao diện
2025-03-23 21:59:54 | Đóng cánh cửa | Thay đổi từ giao diện
2025-03-23 21:59:54 | Mở cánh cửa | Thay đổi từ giao diện
2025-03-23 21:59:54 | Đóng cánh cửa | Thay đổi từ giao diện
2025-03-23 21:59:54 | Mở cánh cửa | Thay đổi từ giao diện
2025-03-23 21:59:55 | Đóng cánh cửa | Thay đổi từ giao diện
2025-03-23 21:59:55 | Mở cánh cửa | Thay đổi từ giao diện
2025-03-23 22:05:51 | Hệ thống khởi động | Khởi tạo giao diện Pygame
2025-03-23 22:06:02 | Khóa cửa | Khóa cửa từ giao diện GUI
2025-03-23 22:06:04 | Khóa cửa | Khóa cửa từ giao diện GUI
2025-03-23 22:06:05 | Khóa cửa | Khóa cửa từ giao diện GUI
2025-03-23 22:06:49 | Hệ thống khởi động | Khởi tạo giao diện Pygame
2025-03-23 22:06:51 | Mở cánh cửa | Thay đổi từ giao diện
2025-03-23 22:06:52 | Đóng cánh cửa | Thay đổi từ giao diện
2025-03-23 22:06:52 | Mở cánh cửa | Thay đổi từ giao diện
2025-03-23 22:06:52 | Đóng cánh cửa | Thay đổi từ giao diện
2025-03-23 22:06:53 | Mở cánh cửa | Thay đổi từ giao diện
2025-03-23 22:06:53 | Đóng cánh cửa | Thay đổi từ giao diện
2025-03-23 22:06:53 | Mở cánh cửa | Thay đổi từ giao diện
2025-03-23 22:06:53 | Đóng cánh cửa | Thay đổi từ giao diện
2025-03-23 22:06:53 | Mở cánh cửa | Thay đổi từ giao diện
2025-03-23 22:06:54 | Đóng cánh cửa | Thay đổi từ giao diện
2025-03-23 22:07:51 | Mở cánh cửa | Thay đổi từ giao diện
2025-03-23 22:07:52 | Đóng cánh cửa | Thay đổi từ giao diện
2025-03-23 22:07:52 | Mở cánh cửa | Thay đổi từ giao diện
2025-03-23 22:07:52 | Đóng cánh cửa | Thay đổi từ giao diện
2025-03-23 22:07:53 | Mở cánh cửa | Thay đổi từ giao diện
2025-03-23 22:07:53 | Đóng cánh cửa | Thay đổi từ giao diện
2025-03-23 22:08:40 | Mở cánh cửa | Thay đổi từ giao diện
2025-03-23 22:08:41 | Đóng cánh cửa | Thay đổi từ giao diện
2025-03-23 22:08:41 | Mở cánh cửa | Thay đổi từ giao diện
2025-03-23 22:08:41 | Đóng cánh cửa | Thay đổi từ giao diện
2025-03-23 22:08:42 | Mở cánh cửa | Thay đổi từ giao diện
2025-03-23 22:08:42 | Đóng cánh cửa | Thay đổi từ giao diện
2025-03-23 22:08:42 | Mở cánh cửa | Thay đổi từ giao diện
2025-03-23 22:08:42 | Đóng cánh cửa | Thay đổi từ giao diện
2025-03-23 22:08:42 | Mở cánh cửa | Thay đổi từ giao diện
2025-03-23 22:08:43 | Đóng cánh cửa | Thay đổi từ giao diện
2025-03-23 22:08:43 | Mở cánh cửa | Thay đổi từ giao diện
2025-03-23 22:11:47 | Hệ thống khởi động | Khởi tạo giao diện Pygame
2025-03-23 22:18:09 | Hệ thống khởi động | Khởi tạo giao diện Pygame
2025-03-23 22:19:20 | Hệ thống khởi động | Khởi tạo giao diện Pygame
2025-03-23 22:20:05 | Hệ thống khởi động | Khởi tạo giao diện Pygame
2025-03-23 22:20:23 | Hệ thống khởi động | Khởi tạo giao diện Pygame
2025-03-23 22:20:34 | Khóa cửa | Khóa cửa từ giao diện GUI
2025-03-23 22:20:45 | Nhập mã đúng | Đã mở khoá cửa
2025-03-23 22:20:51 | Không thể khóa | Cửa vẫn đang mở
2025-03-23 22:20:56 | Không thể khóa | Cửa vẫn đang mở
2025-03-23 22:20:57 | Không thể khóa | Cửa vẫn đang mở
2025-03-23 22:21:01 | Không thể khóa | Cửa vẫn đang mở
2025-03-23 22:21:13 | Nhập mã đúng | Đã mở khoá cửa
2025-03-23 22:21:17 | Không thể khóa | Cửa vẫn đang mở
2025-03-23 22:22:07 | Khóa cửa | Khóa cửa từ giao diện GUI
2025-03-23 22:22:08 | Khóa cửa | Khóa cửa từ giao diện GUI
2025-03-23 22:22:16 | Nhập mã đúng | Đã mở khoá cửa
2025-03-23 22:23:14 | Hệ thống khởi động | Khởi tạo giao diện Pygame
2025-03-23 22:23:23 | Nhập mã đúng | Đã mở khoá cửa
2025-03-23 22:23:50 | Khóa cửa | Khóa cửa từ giao diện GUI
2025-03-23 22:24:38 | Nhập mã sai | Còn lại 2 lần thử
2025-03-23 22:24:40 | Nhập mã sai | Còn lại 1 lần thử
2025-03-23 22:24:42 | Nhập mã sai | Còn lại 0 lần thử
2025-03-23 22:24:48 | Nhập mã sai | Còn lại 0 lần thử
2025-03-23 22:24:52 | Nhập mã sai | Còn lại 0 lần thử
2025-03-23 22:25:04 | Khóa cửa | Khóa cửa từ giao diện GUI
2025-03-23 22:25:08 | Khóa cửa | Khóa cửa từ giao diện GUI
2025-03-23 22:25:11 | Nhập mã sai | Còn lại 0 lần thử
2025-03-23 22:25:18 | Nhập mã đúng | Đã mở khoá cửa
2025-03-23 22:25:23 | Không thể khóa | Cửa vẫn đang mở
2025-03-23 22:25:26 | Không thể khóa | Cửa vẫn đang mở
2025-03-23 22:25:27 | Không thể khóa | Cửa vẫn đang mở
2025-03-23 23:49:55 | Nhập mã đúng | Đã mở khoá cửa
2025-03-24 10:49:06 | Hệ thống khởi động | Khởi tạo giao diện Pygame
2025-03-24 10:57:51 | Nhập mã đúng | Đã mở khoá cửa
2025-03-28 11:05:39 | Hệ thống khởi động | Khởi tạo giao diện Pygame
